2013/11/29 16:40:03 [error] [exception.CException] exception 'CException' with message 'CAssetManager.basePath "/var/www/comcash-company/apps/api/assets" is invalid. Please make sure the directory exists and is writable by the Web server process.' in /var/www/comcash-company/yiiframework/web/CAssetManager.php:138
Stack trace:
#0 /var/www/comcash-company/yiiframework/web/CAssetManager.php(123): CAssetManager->setBasePath('/var/www/comcas...')
#1 /var/www/comcash-company/yiiframework/web/CAssetManager.php(217): CAssetManager->getBasePath()
#2 /var/www/comcash-company/yiiframework/zii/widgets/grid/CGridView.php(325): CAssetManager->publish('/var/www/comcas...')
#3 /var/www/comcash-company/core/extensions/bootstrap/widgets/TbGridView.php(49): CGridView->init()
#4 /var/www/comcash-company/yiiframework/web/CBaseController.php(147): TbGridView->init()
#5 /var/www/comcash-company/yiiframework/web/CBaseController.php(172): CBaseController->createWidget('bootstrap.widge...', Array)
#6 /var/www/comcash-company/apps/api/protected/views/documentation/index.php(37): CBaseController->widget('bootstrap.widge...', Array)
#7 /var/www/comcash-company/yiiframework/web/CBaseController.php(126): require('/var/www/comcas...')
#8 /var/www/comcash-company/yiiframework/web/CBaseController.php(95): CBaseController->renderInternal('/var/www/comcas...', Array, true)
#9 /var/www/comcash-company/yiiframework/web/CController.php(869): CBaseController->renderFile('/var/www/comcas...', Array, true)
#10 /var/www/comcash-company/yiiframework/web/CController.php(782): CController->renderPartial('index', Array, true)
#11 /var/www/comcash-company/apps/api/protected/controllers/DocumentationController.php(49): CController->render('index', Array)
#12 /var/www/comcash-company/yiiframework/web/actions/CInlineAction.php(49): DocumentationController->actionIndex()
#13 /var/www/comcash-company/yiiframework/web/CController.php(308): CInlineAction->runWithParams(Array)
#14 /var/www/comcash-company/yiiframework/web/filters/CFilterChain.php(133): CController->runAction(Object(CInlineAction))
#15 /var/www/comcash-company/apps/api/protected/controllers/DocumentationController.php(15): CFilterChain->run()
#16 /var/www/comcash-company/yiiframework/web/filters/CInlineFilter.php(58): DocumentationController->filterDebugOnly(Object(CFilterChain))
#17 /var/www/comcash-company/yiiframework/web/filters/CFilterChain.php(130): CInlineFilter->filter(Object(CFilterChain))
#18 /var/www/comcash-company/yiiframework/web/CController.php(291): CFilterChain->run()
#19 /var/www/comcash-company/yiiframework/web/CController.php(265): CController->runActionWithFilters(Object(CInlineAction), Array)
#20 /var/www/comcash-company/yiiframework/web/CWebApplication.php(282): CController->run('')
#21 /var/www/comcash-company/yiiframework/web/CWebApplication.php(141): CWebApplication->runController('')
#22 /var/www/comcash-company/yiiframework/base/CApplication.php(169): CWebApplication->processRequest()
#23 /var/www/comcash-company/apps/api/index.php(9): CApplication->run()
#24 {main}
REQUEST_URI=/comcash-company/apps/api/
---
2013/11/29 16:41:07 [warning] [webservice] API response: <?xml version="1.0" encoding="UTF-8"?>
<authorizationLoginResponse>
  <error>
    <code>400</code>
    <message>Validation error.</message>
    <validationMessage>POS Terminal with id "2" is not found!</validationMessage>
    <resource>
      <posTerminalId>POS Terminal with id "2" is not found!</posTerminalId>
    </resource>
  </error>
</authorizationLoginResponse>

in /var/www/comcash-company/apps/api/protected/base/BaseApiAction.php (103)
in /var/www/comcash-company/apps/api/protected/base/BaseApiAction.php (78)
in /var/www/comcash-company/apps/api/protected/base/BaseApiAction.php (37)
2013/11/29 16:41:07 [info] [webservice] API request: '/comcash-company/apps/api/xml/authorization/login'. POST body: <?xml version="1.0" encoding="UTF-8"?>
<authorizationLoginRequest>
  <pinCode>2121</pinCode>
  <posTerminalId>2</posTerminalId>
</authorizationLoginRequest>

in /var/www/comcash-company/apps/api/protected/base/BaseApiController.php (32)
in /var/www/comcash-company/apps/api/index.php (9)
2013/11/29 16:41:11 [info] [webservice] API request: '/comcash-company/apps/api/xml/authorization/login'. POST body: <?xml version="1.0" encoding="UTF-8"?>
<authorizationLoginRequest>
  <pinCode>2121</pinCode>
  <posTerminalId>1</posTerminalId>
</authorizationLoginRequest>

in /var/www/comcash-company/apps/api/protected/base/BaseApiController.php (32)
in /var/www/comcash-company/apps/api/index.php (9)
2013/11/29 16:41:12 [info] [webservice] API response: <?xml version="1.0" encoding="UTF-8"?>
<authorizationLoginResponse>
  <sessionId>8a387b55eda4134f017917b15ffc4c06</sessionId>
  <Employee>
    <id>2</id>
    <firstName>Mike</firstName>
    <lastName>Yaremenko</lastName>
    <posPinCode>2121</posPinCode>
    <setPriceAllowed>1</setPriceAllowed>
  </Employee>
  <posSettings>
    <logoutOnSuspendOrSale>0</logoutOnSuspendOrSale>
    <toGoTaxable>0</toGoTaxable>
    <startCashAmount>1000.00</startCashAmount>
  </posSettings>
  <syncTimestamps>
    <products>1385735998</products>
    <categories>1385735998</categories>
    <modifiers>1385736072</modifiers>
    <taxes>1385736072</taxes>
    <tenders>1385736072</tenders>
    <employees>1385736059</employees>
  </syncTimestamps>
</authorizationLoginResponse>

in /var/www/comcash-company/apps/api/protected/base/BaseApiAction.php (103)
in /var/www/comcash-company/apps/api/protected/base/BaseApiAction.php (67)
in /var/www/comcash-company/apps/api/protected/controllers/authorization/LoginAction.php (35)
2013/11/29 16:43:02 [warning] [webservice] API response: <?xml version="1.0" encoding="UTF-8"?>
<salePerformResponse>
  <error>
    <code>500</code>
    <message>Server error.</message>
    <resource>String could not be parsed as XML</resource>
  </error>
</salePerformResponse>

in /var/www/comcash-company/apps/api/protected/base/BaseApiAction.php (103)
in /var/www/comcash-company/apps/api/protected/base/BaseApiAction.php (78)
in /var/www/comcash-company/apps/api/protected/base/BaseApiController.php (39)
2013/11/29 16:43:02 [info] [webservice] API request: '/comcash-company/apps/api/xml/sale/perform?session_id=8a387b55eda4134f017917b15ffc4c06'. POST body: <?xml version="1.0" encoding="utf-8"?>
            <salePerformRequest>
                <products>
                    <product>
                    <product>
                        <productId>5</productId>
                        <quantity>1</quantity>
                    </product>
                </products>
                <payment>
                    <cashAmount>120.00</cashAmount>
                </payment>
                <customerId>2</customerId>
                <timeCreated>1382617504</timeCreated>
                <textNote>White T-shirt, red glasses.</textNote>
                
                <employeeId>1</employeeId>
            </salePerformRequest>
in /var/www/comcash-company/apps/api/protected/base/BaseApiController.php (32)
in /var/www/comcash-company/apps/api/index.php (9)
2013/11/29 16:43:12 [info] [webservice] API request: '/comcash-company/apps/api/xml/sale/perform?session_id=8a387b55eda4134f017917b15ffc4c06'. POST body: <?xml version="1.0" encoding="utf-8"?>
            <salePerformRequest>
                <products>
                    <product>
                        <productId>5</productId>
                        <quantity>1</quantity>
                    </product>
                </products>
                <payment>
                    <cashAmount>120.00</cashAmount>
                </payment>
                <customerId>2</customerId>
                <timeCreated>1382617504</timeCreated>
                <textNote>White T-shirt, red glasses.</textNote>
                
                <employeeId>1</employeeId>
            </salePerformRequest>
in /var/www/comcash-company/apps/api/protected/base/BaseApiController.php (32)
in /var/www/comcash-company/apps/api/index.php (9)
2013/11/29 16:43:13 [info] [webservice] API response: <?xml version="1.0" encoding="UTF-8"?>
<salePerformResponse>
  <SaleTransaction>
    <id>2</id>
    <customerId>2</customerId>
    <paymentId>2</paymentId>
    <salesOutletId>2</salesOutletId>
    <posTerminalId>1</posTerminalId>
    <status>1</status>
    <employeeId>1</employeeId>
    <timeCreated>1382617504</timeCreated>
    <excludeTaxes>0</excludeTaxes>
    <textNote>White T-shirt, red glasses.</textNote>
    <customer>
      <id>2</id>
      <email>m.yaremenko@mobidev.biz</email>
      <phone>+380500124992</phone>
      <firstName>Mike</firstName>
      <lastName>Yaremenko</lastName>
      <currentBalance>0.00</currentBalance>
      <creditLimit>1000.00</creditLimit>
      <billingAddress>
        <id>1</id>
        <addressLine1>adress_line_1_change</addressLine1>
        <addressLine2>adress_line_2_change</addressLine2>
        <city>city_change</city>
        <country>ax</country>
        <postalCode>12345</postalCode>
        <region>ca</region>
      </billingAddress>
      <deliveryAddress>
        <id>1</id>
        <addressLine1>adress_line_1_change</addressLine1>
        <addressLine2>adress_line_2_change</addressLine2>
        <city>city_change</city>
        <country>ax</country>
        <postalCode>12345</postalCode>
        <region>ca</region>
      </deliveryAddress>
    </customer>
    <products>
      <product>
        <productId>5</productId>
        <price>120.00</price>
        <quantity>1</quantity>
        <totalForProduct>120</totalForProduct>
        <totalTaxForProduct>0</totalTaxForProduct>
        <taxes/>
      </product>
    </products>
  </SaleTransaction>
</salePerformResponse>

in /var/www/comcash-company/apps/api/protected/base/BaseApiAction.php (103)
in /var/www/comcash-company/apps/api/protected/base/BaseApiAction.php (67)
in /var/www/comcash-company/apps/api/protected/controllers/sale/PerformSaleAction.php (182)
2013/11/29 16:46:15 [info] [webservice] API request: '/comcash-company/apps/api/xml/sale/perform?session_id=8a387b55eda4134f017917b15ffc4c06'. POST body: <?xml version="1.0" encoding="utf-8"?>
            <salePerformRequest>
                <products>
                    <product>
                        <productId>5</productId>
                        <quantity>1</quantity>
                    </product>
                </products>
                <payment>
                    <cashAmount>120.00</cashAmount>
                </payment>
                <customerId>2</customerId>
                <timeCreated>1382617504</timeCreated>
                <textNote>White T-shirt, red glasses.</textNote>
                
                <employeeId>1</employeeId>
            </salePerformRequest>
in /var/www/comcash-company/apps/api/protected/base/BaseApiController.php (32)
in /var/www/comcash-company/apps/api/index.php (9)
2013/11/29 16:46:15 [info] [webservice] API response: <?xml version="1.0" encoding="UTF-8"?>
<salePerformResponse>
  <SaleTransaction>
    <id>3</id>
    <customerId>2</customerId>
    <paymentId>3</paymentId>
    <salesOutletId>2</salesOutletId>
    <posTerminalId>1</posTerminalId>
    <status>1</status>
    <employeeId>1</employeeId>
    <timeCreated>1382617504</timeCreated>
    <excludeTaxes>0</excludeTaxes>
    <textNote>White T-shirt, red glasses.</textNote>
    <customer>
      <id>2</id>
      <email>m.yaremenko@mobidev.biz</email>
      <phone>+380500124992</phone>
      <firstName>Mike</firstName>
      <lastName>Yaremenko</lastName>
      <currentBalance>0.00</currentBalance>
      <creditLimit>1000.00</creditLimit>
      <billingAddress>
        <id>1</id>
        <addressLine1>adress_line_1_change</addressLine1>
        <addressLine2>adress_line_2_change</addressLine2>
        <city>city_change</city>
        <country>ax</country>
        <postalCode>12345</postalCode>
        <region>ca</region>
      </billingAddress>
      <deliveryAddress>
        <id>1</id>
        <addressLine1>adress_line_1_change</addressLine1>
        <addressLine2>adress_line_2_change</addressLine2>
        <city>city_change</city>
        <country>ax</country>
        <postalCode>12345</postalCode>
        <region>ca</region>
      </deliveryAddress>
    </customer>
    <products>
      <product>
        <productId>5</productId>
        <price>120.00</price>
        <quantity>1</quantity>
        <totalForProduct>120</totalForProduct>
        <totalTaxForProduct>0</totalTaxForProduct>
        <taxes/>
      </product>
    </products>
  </SaleTransaction>
</salePerformResponse>

in /var/www/comcash-company/apps/api/protected/base/BaseApiAction.php (103)
in /var/www/comcash-company/apps/api/protected/base/BaseApiAction.php (67)
in /var/www/comcash-company/apps/api/protected/controllers/sale/PerformSaleAction.php (182)
2013/11/29 16:48:00 [info] [webservice] API request: '/comcash-company/apps/api/xml/sale/perform?session_id=8a387b55eda4134f017917b15ffc4c06'. POST body: <?xml version="1.0" encoding="utf-8"?>
            <salePerformRequest>
                <products>
                    <product>
                        <productId>5</productId>
                        <quantity>1</quantity>
                    </product>
                </products>
                <payment>
                    <cashAmount>120.00</cashAmount>
                </payment>
                <customerId>2</customerId>
                <timeCreated>1382617504</timeCreated>
                <textNote>White T-shirt, red glasses.</textNote>
                
                <employeeId>1</employeeId>
            </salePerformRequest>
in /var/www/comcash-company/apps/api/protected/base/BaseApiController.php (32)
in /var/www/comcash-company/apps/api/index.php (9)
2013/11/29 16:48:00 [info] [webservice] API response: <?xml version="1.0" encoding="UTF-8"?>
<salePerformResponse>
  <SaleTransaction>
    <id>4</id>
    <customerId>2</customerId>
    <paymentId>4</paymentId>
    <salesOutletId>2</salesOutletId>
    <posTerminalId>1</posTerminalId>
    <status>1</status>
    <employeeId>1</employeeId>
    <timeCreated>1382617504</timeCreated>
    <excludeTaxes>0</excludeTaxes>
    <textNote>White T-shirt, red glasses.</textNote>
    <customer>
      <id>2</id>
      <email>m.yaremenko@mobidev.biz</email>
      <phone>+380500124992</phone>
      <firstName>Mike</firstName>
      <lastName>Yaremenko</lastName>
      <currentBalance>0.00</currentBalance>
      <creditLimit>1000.00</creditLimit>
      <billingAddress>
        <id>1</id>
        <addressLine1>adress_line_1_change</addressLine1>
        <addressLine2>adress_line_2_change</addressLine2>
        <city>city_change</city>
        <country>ax</country>
        <postalCode>12345</postalCode>
        <region>ca</region>
      </billingAddress>
      <deliveryAddress>
        <id>1</id>
        <addressLine1>adress_line_1_change</addressLine1>
        <addressLine2>adress_line_2_change</addressLine2>
        <city>city_change</city>
        <country>ax</country>
        <postalCode>12345</postalCode>
        <region>ca</region>
      </deliveryAddress>
    </customer>
    <products>
      <product>
        <productId>5</productId>
        <price>120.00</price>
        <quantity>1</quantity>
        <totalForProduct>120</totalForProduct>
        <totalTaxForProduct>0</totalTaxForProduct>
        <taxes/>
      </product>
    </products>
  </SaleTransaction>
</salePerformResponse>

in /var/www/comcash-company/apps/api/protected/base/BaseApiAction.php (103)
in /var/www/comcash-company/apps/api/protected/base/BaseApiAction.php (67)
in /var/www/comcash-company/apps/api/protected/controllers/sale/PerformSaleAction.php (182)
2013/11/29 16:48:26 [info] [webservice] API request: '/comcash-company/apps/api/xml/sale/perform?session_id=8a387b55eda4134f017917b15ffc4c06'. POST body: <?xml version="1.0" encoding="utf-8"?>
            <salePerformRequest>
                <products>
                    <product>
                        <productId>5</productId>
                        <quantity>1</quantity>
                    </product>
                </products>
                <payment>
                    <cashAmount>120.00</cashAmount>
                </payment>
                <customerId>2</customerId>
                <timeCreated>1382617504</timeCreated>
                <textNote>White T-shirt, red glasses.</textNote>
                
                <employeeId>1</employeeId>
            </salePerformRequest>
in /var/www/comcash-company/apps/api/protected/base/BaseApiController.php (32)
in /var/www/comcash-company/apps/api/index.php (9)
2013/11/29 16:48:26 [info] [webservice] API response: <?xml version="1.0" encoding="UTF-8"?>
<salePerformResponse>
  <SaleTransaction>
    <id>5</id>
    <customerId>2</customerId>
    <paymentId>5</paymentId>
    <salesOutletId>2</salesOutletId>
    <posTerminalId>1</posTerminalId>
    <status>1</status>
    <employeeId>1</employeeId>
    <timeCreated>1382617504</timeCreated>
    <excludeTaxes>0</excludeTaxes>
    <textNote>White T-shirt, red glasses.</textNote>
    <customer>
      <id>2</id>
      <email>m.yaremenko@mobidev.biz</email>
      <phone>+380500124992</phone>
      <firstName>Mike</firstName>
      <lastName>Yaremenko</lastName>
      <currentBalance>0.00</currentBalance>
      <creditLimit>1000.00</creditLimit>
      <billingAddress>
        <id>1</id>
        <addressLine1>adress_line_1_change</addressLine1>
        <addressLine2>adress_line_2_change</addressLine2>
        <city>city_change</city>
        <country>ax</country>
        <postalCode>12345</postalCode>
        <region>ca</region>
      </billingAddress>
      <deliveryAddress>
        <id>1</id>
        <addressLine1>adress_line_1_change</addressLine1>
        <addressLine2>adress_line_2_change</addressLine2>
        <city>city_change</city>
        <country>ax</country>
        <postalCode>12345</postalCode>
        <region>ca</region>
      </deliveryAddress>
    </customer>
    <products>
      <product>
        <productId>5</productId>
        <price>120.00</price>
        <quantity>1</quantity>
        <totalForProduct>120</totalForProduct>
        <totalTaxForProduct>0</totalTaxForProduct>
        <taxes/>
      </product>
    </products>
  </SaleTransaction>
</salePerformResponse>

in /var/www/comcash-company/apps/api/protected/base/BaseApiAction.php (103)
in /var/www/comcash-company/apps/api/protected/base/BaseApiAction.php (67)
in /var/www/comcash-company/apps/api/protected/controllers/sale/PerformSaleAction.php (182)
2013/11/29 16:49:47 [info] [webservice] API request: '/comcash-company/apps/api/xml/sale/perform?session_id=8a387b55eda4134f017917b15ffc4c06'. POST body: <?xml version="1.0" encoding="utf-8"?>
            <salePerformRequest>
                <products>
                    <product>
                        <productId>5</productId>
                        <quantity>1</quantity>
                    </product>
                </products>
                <payment>
                    <cashAmount>120.00</cashAmount>
                </payment>
                <customerId>2</customerId>
                <timeCreated>1382617504</timeCreated>
                <textNote>White T-shirt, red glasses.</textNote>
                
                <employeeId>1</employeeId>
            </salePerformRequest>
in /var/www/comcash-company/apps/api/protected/base/BaseApiController.php (32)
in /var/www/comcash-company/apps/api/index.php (9)
2013/11/29 16:49:47 [info] [webservice] API response: <?xml version="1.0" encoding="UTF-8"?>
<salePerformResponse>
  <SaleTransaction>
    <id>6</id>
    <customerId>2</customerId>
    <paymentId>6</paymentId>
    <salesOutletId>2</salesOutletId>
    <posTerminalId>1</posTerminalId>
    <status>1</status>
    <employeeId>1</employeeId>
    <timeCreated>1382617504</timeCreated>
    <excludeTaxes>0</excludeTaxes>
    <textNote>White T-shirt, red glasses.</textNote>
    <customer>
      <id>2</id>
      <email>m.yaremenko@mobidev.biz</email>
      <phone>+380500124992</phone>
      <firstName>Mike</firstName>
      <lastName>Yaremenko</lastName>
      <currentBalance>0.00</currentBalance>
      <creditLimit>1000.00</creditLimit>
      <billingAddress>
        <id>1</id>
        <addressLine1>adress_line_1_change</addressLine1>
        <addressLine2>adress_line_2_change</addressLine2>
        <city>city_change</city>
        <country>ax</country>
        <postalCode>12345</postalCode>
        <region>ca</region>
      </billingAddress>
      <deliveryAddress>
        <id>1</id>
        <addressLine1>adress_line_1_change</addressLine1>
        <addressLine2>adress_line_2_change</addressLine2>
        <city>city_change</city>
        <country>ax</country>
        <postalCode>12345</postalCode>
        <region>ca</region>
      </deliveryAddress>
    </customer>
    <products>
      <product>
        <productId>5</productId>
        <price>120.00</price>
        <quantity>1</quantity>
        <totalForProduct>120</totalForProduct>
        <totalTaxForProduct>0</totalTaxForProduct>
        <taxes/>
      </product>
    </products>
  </SaleTransaction>
</salePerformResponse>

in /var/www/comcash-company/apps/api/protected/base/BaseApiAction.php (103)
in /var/www/comcash-company/apps/api/protected/base/BaseApiAction.php (67)
in /var/www/comcash-company/apps/api/protected/controllers/sale/PerformSaleAction.php (182)
2013/11/29 16:52:15 [info] [webservice] API request: '/comcash-company/apps/api/xml/sale/perform?session_id=8a387b55eda4134f017917b15ffc4c06'. POST body: <?xml version="1.0" encoding="utf-8"?>
            <salePerformRequest>
                <products>
                    <product>
                        <productId>5</productId>
                        <quantity>1</quantity>
                    </product>
                </products>
                <payment>
                    <cashAmount>120.00</cashAmount>
                </payment>
                <customerId>2</customerId>
                <timeCreated>1382617504</timeCreated>
                <textNote>White T-shirt, red glasses.</textNote>
                
                <employeeId>1</employeeId>
            </salePerformRequest>
in /var/www/comcash-company/apps/api/protected/base/BaseApiController.php (32)
in /var/www/comcash-company/apps/api/index.php (9)
2013/11/29 16:52:16 [info] [webservice] API response: <?xml version="1.0" encoding="UTF-8"?>
<salePerformResponse>
  <SaleTransaction>
    <id>7</id>
    <customerId>2</customerId>
    <paymentId>7</paymentId>
    <salesOutletId>2</salesOutletId>
    <posTerminalId>1</posTerminalId>
    <status>1</status>
    <employeeId>1</employeeId>
    <timeCreated>1382617504</timeCreated>
    <excludeTaxes>0</excludeTaxes>
    <textNote>White T-shirt, red glasses.</textNote>
    <customer>
      <id>2</id>
      <email>m.yaremenko@mobidev.biz</email>
      <phone>+380500124992</phone>
      <firstName>Mike</firstName>
      <lastName>Yaremenko</lastName>
      <currentBalance>0.00</currentBalance>
      <creditLimit>1000.00</creditLimit>
      <billingAddress>
        <id>1</id>
        <addressLine1>adress_line_1_change</addressLine1>
        <addressLine2>adress_line_2_change</addressLine2>
        <city>city_change</city>
        <country>ax</country>
        <postalCode>12345</postalCode>
        <region>ca</region>
      </billingAddress>
      <deliveryAddress>
        <id>1</id>
        <addressLine1>adress_line_1_change</addressLine1>
        <addressLine2>adress_line_2_change</addressLine2>
        <city>city_change</city>
        <country>ax</country>
        <postalCode>12345</postalCode>
        <region>ca</region>
      </deliveryAddress>
    </customer>
    <products>
      <product>
        <productId>5</productId>
        <price>120.00</price>
        <quantity>1</quantity>
        <totalForProduct>120</totalForProduct>
        <totalTaxForProduct>0</totalTaxForProduct>
        <taxes/>
      </product>
    </products>
  </SaleTransaction>
</salePerformResponse>

in /var/www/comcash-company/apps/api/protected/base/BaseApiAction.php (103)
in /var/www/comcash-company/apps/api/protected/base/BaseApiAction.php (67)
in /var/www/comcash-company/apps/api/protected/controllers/sale/PerformSaleAction.php (182)
2013/11/29 16:54:20 [info] [webservice] API request: '/comcash-company/apps/api/xml/sale/perform?session_id=8a387b55eda4134f017917b15ffc4c06'. POST body: <?xml version="1.0" encoding="utf-8"?>
            <salePerformRequest>
                <products>
                    <product>
                        <productId>5</productId>
                        <quantity>1</quantity>
                    </product>
                </products>
                <payment>
                    <cashAmount>120.00</cashAmount>
                </payment>
                <customerId>2</customerId>
                <timeCreated>1382617504</timeCreated>
                <textNote>White T-shirt, red glasses.</textNote>
                
                <employeeId>1</employeeId>
            </salePerformRequest>
in /var/www/comcash-company/apps/api/protected/base/BaseApiController.php (32)
in /var/www/comcash-company/apps/api/index.php (9)
2013/11/29 16:54:21 [info] [webservice] API response: <?xml version="1.0" encoding="UTF-8"?>
<salePerformResponse>
  <SaleTransaction>
    <id>8</id>
    <customerId>2</customerId>
    <paymentId>8</paymentId>
    <salesOutletId>2</salesOutletId>
    <posTerminalId>1</posTerminalId>
    <status>1</status>
    <employeeId>1</employeeId>
    <timeCreated>1382617504</timeCreated>
    <excludeTaxes>0</excludeTaxes>
    <textNote>White T-shirt, red glasses.</textNote>
    <customer>
      <id>2</id>
      <email>m.yaremenko@mobidev.biz</email>
      <phone>+380500124992</phone>
      <firstName>Mike</firstName>
      <lastName>Yaremenko</lastName>
      <currentBalance>0.00</currentBalance>
      <creditLimit>1000.00</creditLimit>
      <billingAddress>
        <id>1</id>
        <addressLine1>adress_line_1_change</addressLine1>
        <addressLine2>adress_line_2_change</addressLine2>
        <city>city_change</city>
        <country>ax</country>
        <postalCode>12345</postalCode>
        <region>ca</region>
      </billingAddress>
      <deliveryAddress>
        <id>1</id>
        <addressLine1>adress_line_1_change</addressLine1>
        <addressLine2>adress_line_2_change</addressLine2>
        <city>city_change</city>
        <country>ax</country>
        <postalCode>12345</postalCode>
        <region>ca</region>
      </deliveryAddress>
    </customer>
    <products>
      <product>
        <productId>5</productId>
        <price>120.00</price>
        <quantity>1</quantity>
        <totalForProduct>120</totalForProduct>
        <totalTaxForProduct>0</totalTaxForProduct>
        <taxes/>
      </product>
    </products>
  </SaleTransaction>
</salePerformResponse>

in /var/www/comcash-company/apps/api/protected/base/BaseApiAction.php (103)
in /var/www/comcash-company/apps/api/protected/base/BaseApiAction.php (67)
in /var/www/comcash-company/apps/api/protected/controllers/sale/PerformSaleAction.php (182)
2013/12/03 12:01:33 [info] [webservice] API request: '/comcash-company/apps/api/xml/authorization/login'. POST body: <?xml version="1.0" encoding="UTF-8"?>
<authorizationLoginRequest>
  <pinCode>2121</pinCode>
  <posTerminalId>1</posTerminalId>
</authorizationLoginRequest>

in /var/www/comcash-company/apps/api/protected/base/BaseApiController.php (32)
in /var/www/comcash-company/apps/api/index.php (9)
2013/12/03 12:01:34 [info] [webservice] API response: <?xml version="1.0" encoding="UTF-8"?>
<authorizationLoginResponse>
  <sessionId>dbfff783141e5effa1cd8deeb33203f9</sessionId>
  <Employee>
    <id>2</id>
    <firstName>Mike</firstName>
    <lastName>Yaremenko</lastName>
    <posPinCode>2121</posPinCode>
    <setPriceAllowed>1</setPriceAllowed>
  </Employee>
  <posSettings>
    <logoutOnSuspendOrSale>0</logoutOnSuspendOrSale>
    <toGoTaxable>0</toGoTaxable>
    <startCashAmount>1000.00</startCashAmount>
  </posSettings>
  <syncTimestamps>
    <products>1386064894</products>
    <categories>1386064894</categories>
    <modifiers>1386064894</modifiers>
    <taxes>1386064894</taxes>
    <tenders>1386064894</tenders>
    <employees>1386064894</employees>
  </syncTimestamps>
</authorizationLoginResponse>

in /var/www/comcash-company/apps/api/protected/base/BaseApiAction.php (103)
in /var/www/comcash-company/apps/api/protected/base/BaseApiAction.php (67)
in /var/www/comcash-company/apps/api/protected/controllers/authorization/LoginAction.php (35)
2013/12/03 12:02:22 [warning] [webservice] API response: <?xml version="1.0" encoding="UTF-8"?>
<salePerformResponse>
  <error>
    <code>400</code>
    <message>Validation error.</message>
    <validationMessage>Product with id 6 does not exist in Sales Outlet!</validationMessage>
    <resource>
      <productId>Product with id 6 does not exist in Sales Outlet!</productId>
    </resource>
  </error>
</salePerformResponse>

in /var/www/comcash-company/apps/api/protected/base/BaseApiAction.php (103)
in /var/www/comcash-company/apps/api/protected/base/BaseApiAction.php (78)
in /var/www/comcash-company/apps/api/protected/base/BaseApiAction.php (37)
2013/12/03 12:02:21 [info] [webservice] API request: '/comcash-company/apps/api/xml/sale/perform?session_id=dbfff783141e5effa1cd8deeb33203f9'. POST body: <?xml version="1.0" encoding="utf-8"?>
            <salePerformRequest>
                <products>
                    <product>
                        <productId>6</productId>
                        <quantity>1</quantity>
                    </product>
                </products>
                <payment>
                    <cashAmount>10.00</cashAmount>
                </payment>
                <customerId>1</customerId>
                <textNote>White T-shirt, red glasses.</textNote>
                <employeeId>1</employeeId>
            </salePerformRequest>
in /var/www/comcash-company/apps/api/protected/base/BaseApiController.php (32)
in /var/www/comcash-company/apps/api/index.php (9)
2013/12/03 12:02:56 [warning] [webservice] API response: <?xml version="1.0" encoding="UTF-8"?>
<salePerformResponse>
  <error>
    <code>400</code>
    <message>Validation error.</message>
    <validationMessage>Total sale amount 329.00 is not equal to total payed amount 10</validationMessage>
    <resource>
      <payment>Total sale amount 329.00 is not equal to total payed amount 10</payment>
    </resource>
  </error>
</salePerformResponse>

in /var/www/comcash-company/apps/api/protected/base/BaseApiAction.php (103)
in /var/www/comcash-company/apps/api/protected/base/BaseApiAction.php (78)
in /var/www/comcash-company/apps/api/protected/controllers/sale/PerformSaleAction.php (192)
2013/12/03 12:02:56 [info] [webservice] API request: '/comcash-company/apps/api/xml/sale/perform?session_id=dbfff783141e5effa1cd8deeb33203f9'. POST body: <?xml version="1.0" encoding="utf-8"?>
            <salePerformRequest>
                <products>
                    <product>
                        <productId>10</productId>
                        <quantity>1</quantity>
                    </product>
                </products>
                <payment>
                    <cashAmount>10.00</cashAmount>
                </payment>
                <customerId>1</customerId>
                <textNote>White T-shirt, red glasses.</textNote>
                <employeeId>1</employeeId>
            </salePerformRequest>
in /var/www/comcash-company/apps/api/protected/base/BaseApiController.php (32)
in /var/www/comcash-company/apps/api/index.php (9)
2013/12/03 12:03:03 [info] [webservice] API request: '/comcash-company/apps/api/xml/sale/perform?session_id=dbfff783141e5effa1cd8deeb33203f9'. POST body: <?xml version="1.0" encoding="utf-8"?>
            <salePerformRequest>
                <products>
                    <product>
                        <productId>10</productId>
                        <quantity>1</quantity>
                    </product>
                </products>
                <payment>
                    <cashAmount>329.00</cashAmount>
                </payment>
                <customerId>1</customerId>
                <textNote>White T-shirt, red glasses.</textNote>
                <employeeId>1</employeeId>
            </salePerformRequest>
in /var/www/comcash-company/apps/api/protected/base/BaseApiController.php (32)
in /var/www/comcash-company/apps/api/index.php (9)
2013/12/03 12:03:03 [info] [webservice] API response: <?xml version="1.0" encoding="UTF-8"?>
<salePerformResponse>
  <SaleTransaction>
    <id>6</id>
    <customerId>1</customerId>
    <paymentId>6</paymentId>
    <salesOutletId>2</salesOutletId>
    <posTerminalId>1</posTerminalId>
    <status>1</status>
    <employeeId>1</employeeId>
    <timeCreated>1386064983</timeCreated>
    <excludeTaxes>0</excludeTaxes>
    <textNote>White T-shirt, red glasses.</textNote>
    <customer>
      <id>1</id>
      <email>walkin@customer.com</email>
      <phone>0000000000</phone>
      <firstName>Walk</firstName>
      <lastName>In</lastName>
      <currentBalance>0.00</currentBalance>
      <creditLimit>0.00</creditLimit>
    </customer>
    <products>
      <product>
        <productId>10</productId>
        <price>329.00</price>
        <quantity>1</quantity>
        <totalForProduct>329</totalForProduct>
        <totalTaxForProduct>0</totalTaxForProduct>
        <taxes/>
      </product>
    </products>
  </SaleTransaction>
</salePerformResponse>

in /var/www/comcash-company/apps/api/protected/base/BaseApiAction.php (103)
in /var/www/comcash-company/apps/api/protected/base/BaseApiAction.php (67)
in /var/www/comcash-company/apps/api/protected/controllers/sale/PerformSaleAction.php (182)
2013/12/03 12:03:41 [info] [webservice] API request: '/comcash-company/apps/api/xml/sale/perform?session_id=dbfff783141e5effa1cd8deeb33203f9'. POST body: <?xml version="1.0" encoding="utf-8"?>
            <salePerformRequest>
                <products>
                    <product>
                        <productId>10</productId>
                        <quantity>1</quantity>
                    </product>
                </products>
                <payment>
                    <cashAmount>329.00</cashAmount>
                </payment>
                <customerId>1</customerId>
                <textNote>White T-shirt, red glasses.</textNote>
                <employeeId>1</employeeId>
            </salePerformRequest>
in /var/www/comcash-company/apps/api/protected/base/BaseApiController.php (32)
in /var/www/comcash-company/apps/api/index.php (9)
2013/12/03 12:03:41 [info] [webservice] API response: <?xml version="1.0" encoding="UTF-8"?>
<salePerformResponse>
  <SaleTransaction>
    <id>8</id>
    <customerId>1</customerId>
    <paymentId>8</paymentId>
    <salesOutletId>2</salesOutletId>
    <posTerminalId>1</posTerminalId>
    <status>1</status>
    <employeeId>1</employeeId>
    <timeCreated>1386065021</timeCreated>
    <excludeTaxes>0</excludeTaxes>
    <textNote>White T-shirt, red glasses.</textNote>
    <customer>
      <id>1</id>
      <email>walkin@customer.com</email>
      <phone>0000000000</phone>
      <firstName>Walk</firstName>
      <lastName>In</lastName>
      <currentBalance>0.00</currentBalance>
      <creditLimit>0.00</creditLimit>
    </customer>
    <products>
      <product>
        <productId>10</productId>
        <price>329.00</price>
        <quantity>1</quantity>
        <totalForProduct>329</totalForProduct>
        <totalTaxForProduct>0</totalTaxForProduct>
        <taxes/>
      </product>
    </products>
  </SaleTransaction>
</salePerformResponse>

in /var/www/comcash-company/apps/api/protected/base/BaseApiAction.php (103)
in /var/www/comcash-company/apps/api/protected/base/BaseApiAction.php (67)
in /var/www/comcash-company/apps/api/protected/controllers/sale/PerformSaleAction.php (182)
2013/12/04 18:57:39 [warning] [webservice] API response: <?xml version="1.0" encoding="UTF-8"?>
<authorizationLoginResponse>
  <error>
    <code>400</code>
    <message>Validation error.</message>
    <validationMessage>POS Terminal with id "2" is not found!</validationMessage>
    <resource>
      <posTerminalId>POS Terminal with id "2" is not found!</posTerminalId>
    </resource>
  </error>
</authorizationLoginResponse>

in /var/www/comcash-company/apps/api/protected/base/BaseApiAction.php (103)
in /var/www/comcash-company/apps/api/protected/base/BaseApiAction.php (78)
in /var/www/comcash-company/apps/api/protected/base/BaseApiAction.php (37)
2013/12/04 18:57:39 [info] [webservice] API request: '/comcash-company/apps/api/xml/authorization/login'. POST body: <?xml version="1.0" encoding="UTF-8"?>
<authorizationLoginRequest>
  <pinCode>2121</pinCode>
  <posTerminalId>2</posTerminalId>
</authorizationLoginRequest>

in /var/www/comcash-company/apps/api/protected/base/BaseApiController.php (32)
in /var/www/comcash-company/apps/api/index.php (9)
2013/12/04 18:57:43 [info] [webservice] API request: '/comcash-company/apps/api/xml/authorization/login'. POST body: <?xml version="1.0" encoding="UTF-8"?>
<authorizationLoginRequest>
  <pinCode>2121</pinCode>
  <posTerminalId>1</posTerminalId>
</authorizationLoginRequest>

in /var/www/comcash-company/apps/api/protected/base/BaseApiController.php (32)
in /var/www/comcash-company/apps/api/index.php (9)
2013/12/04 18:57:43 [info] [webservice] API response: <?xml version="1.0" encoding="UTF-8"?>
<authorizationLoginResponse>
  <sessionId>f4711c748931f9f853841d0c14cfc40d</sessionId>
  <Employee>
    <id>2</id>
    <firstName>Mike</firstName>
    <lastName>Yaremenko</lastName>
    <posPinCode>2121</posPinCode>
    <setPriceAllowed>1</setPriceAllowed>
  </Employee>
  <posSettings>
    <logoutOnSuspendOrSale>0</logoutOnSuspendOrSale>
    <toGoTaxable>0</toGoTaxable>
    <startCashAmount>1000.00</startCashAmount>
  </posSettings>
  <syncTimestamps>
    <products>1386176263</products>
    <categories>1386176263</categories>
    <modifiers>1386176263</modifiers>
    <taxes>1386176263</taxes>
    <tenders>1386176263</tenders>
    <employees>1386176263</employees>
  </syncTimestamps>
</authorizationLoginResponse>

in /var/www/comcash-company/apps/api/protected/base/BaseApiAction.php (103)
in /var/www/comcash-company/apps/api/protected/base/BaseApiAction.php (67)
in /var/www/comcash-company/apps/api/protected/controllers/authorization/LoginAction.php (35)
2013/12/04 18:58:40 [warning] [webservice] API response: <?xml version="1.0" encoding="UTF-8"?>
<salePerformResponse>
  <error>
    <code>400</code>
    <message>Validation error.</message>
    <validationMessage>Total sale amount 329.00 is not equal to total payed amount 10</validationMessage>
    <resource>
      <payment>Total sale amount 329.00 is not equal to total payed amount 10</payment>
    </resource>
  </error>
</salePerformResponse>

in /var/www/comcash-company/apps/api/protected/base/BaseApiAction.php (103)
in /var/www/comcash-company/apps/api/protected/base/BaseApiAction.php (78)
in /var/www/comcash-company/apps/api/protected/controllers/sale/PerformSaleAction.php (192)
2013/12/04 18:58:40 [info] [webservice] API request: '/comcash-company/apps/api/xml/sale/perform?session_id=f4711c748931f9f853841d0c14cfc40d'. POST body: <?xml version="1.0" encoding="utf-8"?>
            <salePerformRequest>
                <products>
                    <product>
                        <productId>10</productId>
                        <quantity>1</quantity>
                    </product>
                </products>
                <payment>
                    <cashAmount>10.00</cashAmount>
                </payment>
                <customerId>1</customerId>
                <textNote>White T-shirt, red glasses.</textNote>
                <employeeId>1</employeeId>
            </salePerformRequest>
in /var/www/comcash-company/apps/api/protected/base/BaseApiController.php (32)
in /var/www/comcash-company/apps/api/index.php (9)
2013/12/04 18:58:48 [info] [webservice] API request: '/comcash-company/apps/api/xml/sale/perform?session_id=f4711c748931f9f853841d0c14cfc40d'. POST body: <?xml version="1.0" encoding="utf-8"?>
            <salePerformRequest>
                <products>
                    <product>
                        <productId>10</productId>
                        <quantity>1</quantity>
                    </product>
                </products>
                <payment>
                    <cashAmount>329.00</cashAmount>
                </payment>
                <customerId>1</customerId>
                <textNote>White T-shirt, red glasses.</textNote>
                <employeeId>1</employeeId>
            </salePerformRequest>
in /var/www/comcash-company/apps/api/protected/base/BaseApiController.php (32)
in /var/www/comcash-company/apps/api/index.php (9)
2013/12/04 18:58:48 [info] [webservice] API response: <?xml version="1.0" encoding="UTF-8"?>
<salePerformResponse>
  <SaleTransaction>
    <id>11</id>
    <customerId>1</customerId>
    <paymentId>13</paymentId>
    <salesOutletId>2</salesOutletId>
    <posTerminalId>1</posTerminalId>
    <status>1</status>
    <employeeId>1</employeeId>
    <timeCreated>1386176328</timeCreated>
    <excludeTaxes>0</excludeTaxes>
    <textNote>White T-shirt, red glasses.</textNote>
    <customer>
      <id>1</id>
      <email>walkin@customer.com</email>
      <phone>0000000000</phone>
      <firstName>Walk</firstName>
      <lastName>In</lastName>
      <currentBalance>0.00</currentBalance>
      <creditLimit>0.00</creditLimit>
    </customer>
    <products>
      <product>
        <productId>10</productId>
        <price>329.00</price>
        <quantity>1</quantity>
        <totalForProduct>329</totalForProduct>
        <totalTaxForProduct>0</totalTaxForProduct>
        <taxes/>
      </product>
    </products>
  </SaleTransaction>
</salePerformResponse>

in /var/www/comcash-company/apps/api/protected/base/BaseApiAction.php (103)
in /var/www/comcash-company/apps/api/protected/base/BaseApiAction.php (67)
in /var/www/comcash-company/apps/api/protected/controllers/sale/PerformSaleAction.php (182)
2013/12/04 18:59:30 [info] [webservice] API request: '/comcash-company/apps/api/xml/sale/perform?session_id=f4711c748931f9f853841d0c14cfc40d'. POST body: <?xml version="1.0" encoding="utf-8"?>
            <salePerformRequest>
                <products>
                    <product>
                        <productId>10</productId>
                        <quantity>1</quantity>
                    </product>
                </products>
                <payment>
                    <cashAmount>329.00</cashAmount>
                </payment>
                <customerId>1</customerId>
                <textNote>White T-shirt, red glasses.</textNote>
                <employeeId>1</employeeId>
            </salePerformRequest>
in /var/www/comcash-company/apps/api/protected/base/BaseApiController.php (32)
in /var/www/comcash-company/apps/api/index.php (9)
2013/12/04 18:59:31 [info] [webservice] API response: <?xml version="1.0" encoding="UTF-8"?>
<salePerformResponse>
  <SaleTransaction>
    <id>12</id>
    <customerId>1</customerId>
    <paymentId>14</paymentId>
    <salesOutletId>2</salesOutletId>
    <posTerminalId>1</posTerminalId>
    <status>1</status>
    <employeeId>1</employeeId>
    <timeCreated>1386176371</timeCreated>
    <excludeTaxes>0</excludeTaxes>
    <textNote>White T-shirt, red glasses.</textNote>
    <customer>
      <id>1</id>
      <email>walkin@customer.com</email>
      <phone>0000000000</phone>
      <firstName>Walk</firstName>
      <lastName>In</lastName>
      <currentBalance>0.00</currentBalance>
      <creditLimit>0.00</creditLimit>
    </customer>
    <products>
      <product>
        <productId>10</productId>
        <price>329.00</price>
        <quantity>1</quantity>
        <totalForProduct>329</totalForProduct>
        <totalTaxForProduct>0</totalTaxForProduct>
        <taxes/>
      </product>
    </products>
  </SaleTransaction>
</salePerformResponse>

in /var/www/comcash-company/apps/api/protected/base/BaseApiAction.php (103)
in /var/www/comcash-company/apps/api/protected/base/BaseApiAction.php (67)
in /var/www/comcash-company/apps/api/protected/controllers/sale/PerformSaleAction.php (182)
2013/12/04 19:12:50 [error] [AccountDb] AccountDb.AccountDb::createAccountEntryGroupWithAccountEntries() failed for reason: Property "core\components\account\models\AccountEntryGroup.entity" is not defined.
in /var/www/comcash-company/core/components/account/db/AccountDb.php (170)
in /var/www/comcash-company/core/components/account/Account.php (356)
in /var/www/comcash-company/core/components/sales/components/SalesAccountEntryComponent.php (170)
2013/12/04 19:12:50 [info] [webservice] API request: '/comcash-company/apps/api/xml/sale/perform?session_id=f4711c748931f9f853841d0c14cfc40d'. POST body: <?xml version="1.0" encoding="utf-8"?>
            <salePerformRequest>
                <products>
                    <product>
                        <productId>10</productId>
                        <quantity>1</quantity>
                    </product>
                </products>
                <payment>
                    <cashAmount>329.00</cashAmount>
                </payment>
                <customerId>1</customerId>
                <textNote>White T-shirt, red glasses.</textNote>
                <employeeId>1</employeeId>
            </salePerformRequest>
in /var/www/comcash-company/apps/api/protected/base/BaseApiController.php (32)
in /var/www/comcash-company/apps/api/index.php (9)
2013/12/04 19:12:50 [info] [webservice] API response: <?xml version="1.0" encoding="UTF-8"?>
<salePerformResponse>
  <SaleTransaction>
    <id>15</id>
    <customerId>1</customerId>
    <paymentId>19</paymentId>
    <salesOutletId>2</salesOutletId>
    <posTerminalId>1</posTerminalId>
    <status>1</status>
    <employeeId>1</employeeId>
    <timeCreated>1386177170</timeCreated>
    <excludeTaxes>0</excludeTaxes>
    <textNote>White T-shirt, red glasses.</textNote>
    <customer>
      <id>1</id>
      <email>walkin@customer.com</email>
      <phone>0000000000</phone>
      <firstName>Walk</firstName>
      <lastName>In</lastName>
      <currentBalance>0.00</currentBalance>
      <creditLimit>0.00</creditLimit>
    </customer>
    <products>
      <product>
        <productId>10</productId>
        <price>329.00</price>
        <quantity>1</quantity>
        <totalForProduct>329</totalForProduct>
        <totalTaxForProduct>0</totalTaxForProduct>
        <taxes/>
      </product>
    </products>
  </SaleTransaction>
</salePerformResponse>

in /var/www/comcash-company/apps/api/protected/base/BaseApiAction.php (103)
in /var/www/comcash-company/apps/api/protected/base/BaseApiAction.php (67)
in /var/www/comcash-company/apps/api/protected/controllers/sale/PerformSaleAction.php (182)
2013/12/16 08:37:04 [warning] [webservice] API response: <?xml version="1.0" encoding="UTF-8"?>
<authorizationLoginResponse>
  <error>
    <code>400</code>
    <message>Validation error.</message>
    <validationMessage>POS Terminal with id "2" is not found!</validationMessage>
    <resource>
      <posTerminalId>POS Terminal with id "2" is not found!</posTerminalId>
    </resource>
  </error>
</authorizationLoginResponse>

in /var/www/comcash-company/apps/api/protected/base/BaseApiAction.php (103)
in /var/www/comcash-company/apps/api/protected/base/BaseApiAction.php (78)
in /var/www/comcash-company/apps/api/protected/base/BaseApiAction.php (37)
2013/12/16 08:37:04 [info] [webservice] API request: '/comcash-company/apps/api/xml/authorization/login'. POST body: <?xml version="1.0" encoding="UTF-8"?>
<authorizationLoginRequest>
  <pinCode>2121</pinCode>
  <posTerminalId>2</posTerminalId>
</authorizationLoginRequest>

in /var/www/comcash-company/apps/api/protected/base/BaseApiController.php (32)
in /var/www/comcash-company/apps/api/index.php (9)
2013/12/16 08:37:09 [info] [webservice] API request: '/comcash-company/apps/api/xml/authorization/login'. POST body: <?xml version="1.0" encoding="UTF-8"?>
<authorizationLoginRequest>
  <pinCode>2121</pinCode>
  <posTerminalId>1</posTerminalId>
</authorizationLoginRequest>

in /var/www/comcash-company/apps/api/protected/base/BaseApiController.php (32)
in /var/www/comcash-company/apps/api/index.php (9)
2013/12/16 08:37:09 [info] [webservice] API response: <?xml version="1.0" encoding="UTF-8"?>
<authorizationLoginResponse>
  <sessionId>6cfde67a40ad6f3854ac4b865127cd09</sessionId>
  <Employee>
    <id>2</id>
    <firstName>Mike</firstName>
    <lastName>Yaremenko</lastName>
    <posPinCode>2121</posPinCode>
    <timezone>0</timezone>
    <setPriceAllowed>1</setPriceAllowed>
  </Employee>
  <posSettings>
    <logoutOnSuspendOrSale>0</logoutOnSuspendOrSale>
    <toGoTaxable>0</toGoTaxable>
    <startCashAmount>1000.00</startCashAmount>
  </posSettings>
  <syncTimestamps>
    <products>1387175829</products>
    <categories>1387175829</categories>
    <modifiers>1387175829</modifiers>
    <taxes>1387175829</taxes>
    <tenders>1387175829</tenders>
    <employees>1387175829</employees>
  </syncTimestamps>
</authorizationLoginResponse>

in /var/www/comcash-company/apps/api/protected/base/BaseApiAction.php (103)
in /var/www/comcash-company/apps/api/protected/base/BaseApiAction.php (67)
in /var/www/comcash-company/apps/api/protected/controllers/authorization/LoginAction.php (35)
2013/12/16 08:38:47 [warning] [webservice] API response: <?xml version="1.0" encoding="UTF-8"?>
<salePerformResponse>
  <error>
    <code>400</code>
    <message>Validation error.</message>
    <validationMessage>Product with id 2 does not exist in Sales Outlet!</validationMessage>
    <resource>
      <productId>Product with id 2 does not exist in Sales Outlet!</productId>
    </resource>
  </error>
</salePerformResponse>

in /var/www/comcash-company/apps/api/protected/base/BaseApiAction.php (103)
in /var/www/comcash-company/apps/api/protected/base/BaseApiAction.php (78)
in /var/www/comcash-company/apps/api/protected/base/BaseApiAction.php (37)
2013/12/16 08:38:47 [info] [webservice] API request: '/comcash-company/apps/api/xml/sale/perform?session_id=6cfde67a40ad6f3854ac4b865127cd09'. POST body: <?xml version="1.0" encoding="utf-8"?>
            <salePerformRequest>
                <products>
                    <product>
                        <productId>2</productId>
                        <quantity>1</quantity>
                    </product>
                </products>
                <payment>
                    <cashAmount>10.00</cashAmount>                    
                </payment>
                <customerId>2</customerId>
                <textNote>White T-shirt, red glasses.</textNote>
                <employeeId>2</employeeId>
            </salePerformRequest>
in /var/www/comcash-company/apps/api/protected/base/BaseApiController.php (32)
in /var/www/comcash-company/apps/api/index.php (9)
2013/12/16 08:38:57 [warning] [webservice] API response: <?xml version="1.0" encoding="UTF-8"?>
<salePerformResponse>
  <error>
    <code>400</code>
    <message>Validation error.</message>
    <validationMessage>Total sale amount 329.00 is not equal to total payed amount 10</validationMessage>
    <resource>
      <payment>Total sale amount 329.00 is not equal to total payed amount 10</payment>
    </resource>
  </error>
</salePerformResponse>

in /var/www/comcash-company/apps/api/protected/base/BaseApiAction.php (103)
in /var/www/comcash-company/apps/api/protected/base/BaseApiAction.php (78)
in /var/www/comcash-company/apps/api/protected/controllers/sale/PerformSaleAction.php (219)
2013/12/16 08:38:56 [info] [webservice] API request: '/comcash-company/apps/api/xml/sale/perform?session_id=6cfde67a40ad6f3854ac4b865127cd09'. POST body: <?xml version="1.0" encoding="utf-8"?>
            <salePerformRequest>
                <products>
                    <product>
                        <productId>10</productId>
                        <quantity>1</quantity>
                    </product>
                </products>
                <payment>
                    <cashAmount>10.00</cashAmount>                    
                </payment>
                <customerId>2</customerId>
                <textNote>White T-shirt, red glasses.</textNote>
                <employeeId>2</employeeId>
            </salePerformRequest>
in /var/www/comcash-company/apps/api/protected/base/BaseApiController.php (32)
in /var/www/comcash-company/apps/api/index.php (9)
2013/12/16 08:39:06 [info] [webservice] API request: '/comcash-company/apps/api/xml/sale/perform?session_id=6cfde67a40ad6f3854ac4b865127cd09'. POST body: <?xml version="1.0" encoding="utf-8"?>
            <salePerformRequest>
                <products>
                    <product>
                        <productId>10</productId>
                        <quantity>1</quantity>
                    </product>
                </products>
                <payment>
                    <cashAmount>329.00</cashAmount>                    
                </payment>
                <customerId>2</customerId>
                <textNote>White T-shirt, red glasses.</textNote>
                <employeeId>2</employeeId>
            </salePerformRequest>
in /var/www/comcash-company/apps/api/protected/base/BaseApiController.php (32)
in /var/www/comcash-company/apps/api/index.php (9)
2013/12/16 08:39:08 [info] [webservice] API response: <?xml version="1.0" encoding="UTF-8"?>
<salePerformResponse>
  <SaleTransaction>
    <id>17</id>
    <customerId>2</customerId>
    <paymentId>21</paymentId>
    <salesOutletId>2</salesOutletId>
    <posTerminalId>1</posTerminalId>
    <status>1</status>
    <employeeId>2</employeeId>
    <timeCreated>1387175947</timeCreated>
    <excludeTaxes>0</excludeTaxes>
    <textNote>White T-shirt, red glasses.</textNote>
    <customer>
      <id>2</id>
      <phone>+380500124992</phone>
      <email>m.yaremenko@mobidev.biz</email>
      <firstName>Mike</firstName>
      <lastName>Yaremenko</lastName>
      <currentBalance>0.00</currentBalance>
      <creditLimit>1000.00</creditLimit>
      <billingAddress>
        <id>1</id>
        <addressLine1>adress_line_1_change</addressLine1>
        <addressLine2>adress_line_2_change</addressLine2>
        <city>city_change</city>
        <country>ax</country>
        <postalCode>12345</postalCode>
        <region>ca</region>
      </billingAddress>
      <deliveryAddress>
        <id>1</id>
        <addressLine1>adress_line_1_change</addressLine1>
        <addressLine2>adress_line_2_change</addressLine2>
        <city>city_change</city>
        <country>ax</country>
        <postalCode>12345</postalCode>
        <region>ca</region>
      </deliveryAddress>
    </customer>
    <products>
      <product>
        <productId>10</productId>
        <price>329.00</price>
        <quantity>1</quantity>
        <totalForProduct>329</totalForProduct>
        <totalTaxForProduct>0</totalTaxForProduct>
        <taxes/>
      </product>
    </products>
  </SaleTransaction>
</salePerformResponse>

in /var/www/comcash-company/apps/api/protected/base/BaseApiAction.php (103)
in /var/www/comcash-company/apps/api/protected/base/BaseApiAction.php (67)
in /var/www/comcash-company/apps/api/protected/controllers/sale/PerformSaleAction.php (209)
2013/12/16 09:52:02 [info] [webservice] API request: '/comcash-company/apps/api/xml/sale/perform?session_id=6cfde67a40ad6f3854ac4b865127cd09'. POST body: <?xml version="1.0" encoding="utf-8"?>
            <salePerformRequest>
                <products>
                    <product>
                        <productId>10</productId>
                        <quantity>1</quantity>
                    </product>
                </products>
                <payment>
                    <cashAmount>329.00</cashAmount>                    
                </payment>
                <customerId>2</customerId>
                <textNote>White T-shirt, red glasses.</textNote>
                <employeeId>2</employeeId>
            </salePerformRequest>
in /var/www/comcash-company/apps/api/protected/base/BaseApiController.php (32)
in /var/www/comcash-company/apps/api/index.php (9)
2013/12/16 09:52:03 [info] [webservice] API response: <?xml version="1.0" encoding="UTF-8"?>
<salePerformResponse>
  <SaleTransaction>
    <id>18</id>
    <customerId>2</customerId>
    <paymentId>22</paymentId>
    <salesOutletId>2</salesOutletId>
    <posTerminalId>1</posTerminalId>
    <status>1</status>
    <employeeId>2</employeeId>
    <timeCreated>1387180323</timeCreated>
    <excludeTaxes>0</excludeTaxes>
    <textNote>White T-shirt, red glasses.</textNote>
    <customer>
      <id>2</id>
      <phone>+380500124992</phone>
      <email>m.yaremenko@mobidev.biz</email>
      <firstName>Mike</firstName>
      <lastName>Yaremenko</lastName>
      <currentBalance>0.00</currentBalance>
      <creditLimit>1000.00</creditLimit>
      <billingAddress>
        <id>1</id>
        <addressLine1>adress_line_1_change</addressLine1>
        <addressLine2>adress_line_2_change</addressLine2>
        <city>city_change</city>
        <country>ax</country>
        <postalCode>12345</postalCode>
        <region>ca</region>
      </billingAddress>
      <deliveryAddress>
        <id>1</id>
        <addressLine1>adress_line_1_change</addressLine1>
        <addressLine2>adress_line_2_change</addressLine2>
        <city>city_change</city>
        <country>ax</country>
        <postalCode>12345</postalCode>
        <region>ca</region>
      </deliveryAddress>
    </customer>
    <products>
      <product>
        <productId>10</productId>
        <price>329.00</price>
        <quantity>1</quantity>
        <totalForProduct>329</totalForProduct>
        <totalTaxForProduct>0</totalTaxForProduct>
        <taxes/>
      </product>
    </products>
  </SaleTransaction>
</salePerformResponse>

in /var/www/comcash-company/apps/api/protected/base/BaseApiAction.php (103)
in /var/www/comcash-company/apps/api/protected/base/BaseApiAction.php (67)
in /var/www/comcash-company/apps/api/protected/controllers/sale/PerformSaleAction.php (209)
2013/12/22 16:00:02 [error] [exception.CHttpException.404] exception 'CHttpException' with message 'Unable to resolve the request "documentation".' in /var/www/geo-taxi/yiiframework/web/CWebApplication.php:286
Stack trace:
#0 /var/www/geo-taxi/yiiframework/web/CWebApplication.php(141): CWebApplication->runController('')
#1 /var/www/geo-taxi/yiiframework/base/CApplication.php(169): CWebApplication->processRequest()
#2 /var/www/geo-taxi/apps/api/index.php(9): CApplication->run()
#3 {main}
REQUEST_URI=/geo-taxi/apps/api/
---
2013/12/22 16:00:04 [error] [exception.CHttpException.404] exception 'CHttpException' with message 'Unable to resolve the request "documentation".' in /var/www/geo-taxi/yiiframework/web/CWebApplication.php:286
Stack trace:
#0 /var/www/geo-taxi/yiiframework/web/CWebApplication.php(141): CWebApplication->runController('')
#1 /var/www/geo-taxi/yiiframework/base/CApplication.php(169): CWebApplication->processRequest()
#2 /var/www/geo-taxi/apps/api/index.php(9): CApplication->run()
#3 {main}
REQUEST_URI=/geo-taxi/apps/api/
---
2013/12/22 16:22:19 [error] [exception.CException] exception 'CException' with message 'Alias "core.components.subscribition.Subscribition" is invalid. Make sure it points to an existing PHP file and the file is readable.' in /var/www/geo-taxi/yiiframework/YiiBase.php:316
Stack trace:
#0 /var/www/geo-taxi/yiiframework/YiiBase.php(196): YiiBase::import('core.components...', true)
#1 /var/www/geo-taxi/yiiframework/base/CModule.php(386): YiiBase::createComponent(Array)
#2 /var/www/geo-taxi/yiiframework/base/CModule.php(523): CModule->getComponent('subscribition')
#3 /var/www/geo-taxi/yiiframework/base/CApplication.php(152): CModule->preloadComponents()
#4 /var/www/geo-taxi/yiiframework/YiiBase.php(125): CApplication->__construct('protected/confi...')
#5 /var/www/geo-taxi/yiiframework/YiiBase.php(98): YiiBase::createApplication('CWebApplication', 'protected/confi...')
#6 /var/www/geo-taxi/apps/api/index.php(9): YiiBase::createWebApplication('protected/confi...')
#7 {main}
REQUEST_URI=/geo-taxi/apps/api/
HTTP_REFERER=http://localhost/geo-taxi/apps/api/object/Authorization
---
2013/12/22 16:22:57 [error] [exception.CException] exception 'CException' with message 'Alias "core.components.fileUploader.FileUploader" is invalid. Make sure it points to an existing PHP file and the file is readable.' in /var/www/geo-taxi/yiiframework/YiiBase.php:316
Stack trace:
#0 /var/www/geo-taxi/yiiframework/YiiBase.php(196): YiiBase::import('core.components...', true)
#1 /var/www/geo-taxi/yiiframework/base/CModule.php(386): YiiBase::createComponent(Array)
#2 /var/www/geo-taxi/yiiframework/base/CModule.php(103): CModule->getComponent('fileUploader')
#3 /var/www/geo-taxi/core/components/storage/Storage.php(34): CModule->__get('fileUploader')
#4 /var/www/geo-taxi/apps/api/protected/views/layouts/documentation.php(7): Storage->getBaseUrl()
#5 /var/www/geo-taxi/yiiframework/web/CBaseController.php(126): require('/var/www/geo-ta...')
#6 /var/www/geo-taxi/yiiframework/web/CBaseController.php(95): CBaseController->renderInternal('/var/www/geo-ta...', Array, true)
#7 /var/www/geo-taxi/yiiframework/web/CController.php(784): CBaseController->renderFile('/var/www/geo-ta...', Array, true)
#8 /var/www/geo-taxi/apps/api/protected/controllers/DocumentationController.php(51): CController->render('index', Array)
#9 /var/www/geo-taxi/yiiframework/web/actions/CInlineAction.php(49): DocumentationController->actionIndex()
#10 /var/www/geo-taxi/yiiframework/web/CController.php(308): CInlineAction->runWithParams(Array)
#11 /var/www/geo-taxi/yiiframework/web/filters/CFilterChain.php(133): CController->runAction(Object(CInlineAction))
#12 /var/www/geo-taxi/apps/api/protected/controllers/DocumentationController.php(17): CFilterChain->run()
#13 /var/www/geo-taxi/yiiframework/web/filters/CInlineFilter.php(58): DocumentationController->filterDebugOnly(Object(CFilterChain))
#14 /var/www/geo-taxi/yiiframework/web/filters/CFilterChain.php(130): CInlineFilter->filter(Object(CFilterChain))
#15 /var/www/geo-taxi/yiiframework/web/CController.php(291): CFilterChain->run()
#16 /var/www/geo-taxi/yiiframework/web/CController.php(265): CController->runActionWithFilters(Object(CInlineAction), Array)
#17 /var/www/geo-taxi/yiiframework/web/CWebApplication.php(282): CController->run('')
#18 /var/www/geo-taxi/yiiframework/web/CWebApplication.php(141): CWebApplication->runController('')
#19 /var/www/geo-taxi/yiiframework/base/CApplication.php(169): CWebApplication->processRequest()
#20 /var/www/geo-taxi/apps/api/index.php(9): CApplication->run()
#21 {main}
REQUEST_URI=/geo-taxi/apps/api/
HTTP_REFERER=http://localhost/geo-taxi/apps/api/object/Authorization
---
2013/12/22 16:22:57 [error] [exception.CException] exception 'CException' with message 'Alias "core.components.fileUploader.FileUploader" is invalid. Make sure it points to an existing PHP file and the file is readable.' in /var/www/geo-taxi/yiiframework/YiiBase.php:316
Stack trace:
#0 /var/www/geo-taxi/yiiframework/YiiBase.php(196): YiiBase::import('core.components...', true)
#1 /var/www/geo-taxi/yiiframework/base/CModule.php(386): YiiBase::createComponent(Array)
#2 /var/www/geo-taxi/yiiframework/base/CModule.php(103): CModule->getComponent('fileUploader')
#3 /var/www/geo-taxi/core/components/storage/Storage.php(34): CModule->__get('fileUploader')
#4 /var/www/geo-taxi/apps/api/protected/views/layouts/documentation.php(7): Storage->getBaseUrl()
#5 /var/www/geo-taxi/yiiframework/web/CBaseController.php(126): require('/var/www/geo-ta...')
#6 /var/www/geo-taxi/yiiframework/web/CBaseController.php(95): CBaseController->renderInternal('/var/www/geo-ta...', Array, true)
#7 /var/www/geo-taxi/yiiframework/web/CController.php(784): CBaseController->renderFile('/var/www/geo-ta...', Array, true)
#8 /var/www/geo-taxi/apps/api/protected/controllers/DocumentationController.php(51): CController->render('index', Array)
#9 /var/www/geo-taxi/yiiframework/web/actions/CInlineAction.php(49): DocumentationController->actionIndex()
#10 /var/www/geo-taxi/yiiframework/web/CController.php(308): CInlineAction->runWithParams(Array)
#11 /var/www/geo-taxi/yiiframework/web/filters/CFilterChain.php(133): CController->runAction(Object(CInlineAction))
#12 /var/www/geo-taxi/apps/api/protected/controllers/DocumentationController.php(17): CFilterChain->run()
#13 /var/www/geo-taxi/yiiframework/web/filters/CInlineFilter.php(58): DocumentationController->filterDebugOnly(Object(CFilterChain))
#14 /var/www/geo-taxi/yiiframework/web/filters/CFilterChain.php(130): CInlineFilter->filter(Object(CFilterChain))
#15 /var/www/geo-taxi/yiiframework/web/CController.php(291): CFilterChain->run()
#16 /var/www/geo-taxi/yiiframework/web/CController.php(265): CController->runActionWithFilters(Object(CInlineAction), Array)
#17 /var/www/geo-taxi/yiiframework/web/CWebApplication.php(282): CController->run('')
#18 /var/www/geo-taxi/yiiframework/web/CWebApplication.php(141): CWebApplication->runController('')
#19 /var/www/geo-taxi/yiiframework/base/CApplication.php(169): CWebApplication->processRequest()
#20 /var/www/geo-taxi/apps/api/index.php(9): CApplication->run()
#21 {main}
REQUEST_URI=/geo-taxi/apps/api/
HTTP_REFERER=http://localhost/geo-taxi/apps/api/object/Authorization
---
2013/12/22 16:22:58 [error] [exception.CException] exception 'CException' with message 'Alias "core.components.fileUploader.FileUploader" is invalid. Make sure it points to an existing PHP file and the file is readable.' in /var/www/geo-taxi/yiiframework/YiiBase.php:316
Stack trace:
#0 /var/www/geo-taxi/yiiframework/YiiBase.php(196): YiiBase::import('core.components...', true)
#1 /var/www/geo-taxi/yiiframework/base/CModule.php(386): YiiBase::createComponent(Array)
#2 /var/www/geo-taxi/yiiframework/base/CModule.php(103): CModule->getComponent('fileUploader')
#3 /var/www/geo-taxi/core/components/storage/Storage.php(34): CModule->__get('fileUploader')
#4 /var/www/geo-taxi/apps/api/protected/views/layouts/documentation.php(7): Storage->getBaseUrl()
#5 /var/www/geo-taxi/yiiframework/web/CBaseController.php(126): require('/var/www/geo-ta...')
#6 /var/www/geo-taxi/yiiframework/web/CBaseController.php(95): CBaseController->renderInternal('/var/www/geo-ta...', Array, true)
#7 /var/www/geo-taxi/yiiframework/web/CController.php(784): CBaseController->renderFile('/var/www/geo-ta...', Array, true)
#8 /var/www/geo-taxi/apps/api/protected/controllers/DocumentationController.php(51): CController->render('index', Array)
#9 /var/www/geo-taxi/yiiframework/web/actions/CInlineAction.php(49): DocumentationController->actionIndex()
#10 /var/www/geo-taxi/yiiframework/web/CController.php(308): CInlineAction->runWithParams(Array)
#11 /var/www/geo-taxi/yiiframework/web/filters/CFilterChain.php(133): CController->runAction(Object(CInlineAction))
#12 /var/www/geo-taxi/apps/api/protected/controllers/DocumentationController.php(17): CFilterChain->run()
#13 /var/www/geo-taxi/yiiframework/web/filters/CInlineFilter.php(58): DocumentationController->filterDebugOnly(Object(CFilterChain))
#14 /var/www/geo-taxi/yiiframework/web/filters/CFilterChain.php(130): CInlineFilter->filter(Object(CFilterChain))
#15 /var/www/geo-taxi/yiiframework/web/CController.php(291): CFilterChain->run()
#16 /var/www/geo-taxi/yiiframework/web/CController.php(265): CController->runActionWithFilters(Object(CInlineAction), Array)
#17 /var/www/geo-taxi/yiiframework/web/CWebApplication.php(282): CController->run('')
#18 /var/www/geo-taxi/yiiframework/web/CWebApplication.php(141): CWebApplication->runController('')
#19 /var/www/geo-taxi/yiiframework/base/CApplication.php(169): CWebApplication->processRequest()
#20 /var/www/geo-taxi/apps/api/index.php(9): CApplication->run()
#21 {main}
REQUEST_URI=/geo-taxi/apps/api/
HTTP_REFERER=http://localhost/geo-taxi/apps/api/object/Authorization
---
2013/12/22 16:23:33 [error] [exception.CException] exception 'CException' with message 'Alias "core.components.employeeActivity.EmployeeActivity" is invalid. Make sure it points to an existing PHP file and the file is readable.' in /var/www/geo-taxi/yiiframework/YiiBase.php:316
Stack trace:
#0 /var/www/geo-taxi/yiiframework/YiiBase.php(196): YiiBase::import('core.components...', true)
#1 /var/www/geo-taxi/yiiframework/base/CModule.php(386): YiiBase::createComponent(Array)
#2 /var/www/geo-taxi/yiiframework/base/CModule.php(103): CModule->getComponent('employeeActivit...')
#3 /var/www/geo-taxi/core/components/subscribition/Subscribition.php(40): CModule->__get('employeeActivit...')
#4 /var/www/geo-taxi/yiiframework/base/CModule.php(387): Subscribition->init()
#5 /var/www/geo-taxi/yiiframework/base/CModule.php(523): CModule->getComponent('subscribition')
#6 /var/www/geo-taxi/yiiframework/base/CApplication.php(152): CModule->preloadComponents()
#7 /var/www/geo-taxi/yiiframework/YiiBase.php(125): CApplication->__construct('protected/confi...')
#8 /var/www/geo-taxi/yiiframework/YiiBase.php(98): YiiBase::createApplication('CWebApplication', 'protected/confi...')
#9 /var/www/geo-taxi/apps/api/index.php(9): YiiBase::createWebApplication('protected/confi...')
#10 {main}
REQUEST_URI=/geo-taxi/apps/api/
HTTP_REFERER=http://localhost/geo-taxi/apps/api/object/Authorization
---
2013/12/22 16:24:07 [error] [exception.CException] exception 'CException' with message 'Alias "core.components.storage.Storage" is invalid. Make sure it points to an existing PHP file and the file is readable.' in /var/www/geo-taxi/yiiframework/YiiBase.php:316
Stack trace:
#0 /var/www/geo-taxi/yiiframework/YiiBase.php(196): YiiBase::import('core.components...', true)
#1 /var/www/geo-taxi/yiiframework/base/CModule.php(386): YiiBase::createComponent(Array)
#2 /var/www/geo-taxi/yiiframework/base/CModule.php(103): CModule->getComponent('storage')
#3 /var/www/geo-taxi/apps/api/protected/views/layouts/documentation.php(7): CModule->__get('storage')
#4 /var/www/geo-taxi/yiiframework/web/CBaseController.php(126): require('/var/www/geo-ta...')
#5 /var/www/geo-taxi/yiiframework/web/CBaseController.php(95): CBaseController->renderInternal('/var/www/geo-ta...', Array, true)
#6 /var/www/geo-taxi/yiiframework/web/CController.php(784): CBaseController->renderFile('/var/www/geo-ta...', Array, true)
#7 /var/www/geo-taxi/apps/api/protected/controllers/DocumentationController.php(51): CController->render('index', Array)
#8 /var/www/geo-taxi/yiiframework/web/actions/CInlineAction.php(49): DocumentationController->actionIndex()
#9 /var/www/geo-taxi/yiiframework/web/CController.php(308): CInlineAction->runWithParams(Array)
#10 /var/www/geo-taxi/yiiframework/web/filters/CFilterChain.php(133): CController->runAction(Object(CInlineAction))
#11 /var/www/geo-taxi/apps/api/protected/controllers/DocumentationController.php(17): CFilterChain->run()
#12 /var/www/geo-taxi/yiiframework/web/filters/CInlineFilter.php(58): DocumentationController->filterDebugOnly(Object(CFilterChain))
#13 /var/www/geo-taxi/yiiframework/web/filters/CFilterChain.php(130): CInlineFilter->filter(Object(CFilterChain))
#14 /var/www/geo-taxi/yiiframework/web/CController.php(291): CFilterChain->run()
#15 /var/www/geo-taxi/yiiframework/web/CController.php(265): CController->runActionWithFilters(Object(CInlineAction), Array)
#16 /var/www/geo-taxi/yiiframework/web/CWebApplication.php(282): CController->run('')
#17 /var/www/geo-taxi/yiiframework/web/CWebApplication.php(141): CWebApplication->runController('')
#18 /var/www/geo-taxi/yiiframework/base/CApplication.php(169): CWebApplication->processRequest()
#19 /var/www/geo-taxi/apps/api/index.php(9): CApplication->run()
#20 {main}
REQUEST_URI=/geo-taxi/apps/api/
HTTP_REFERER=http://localhost/geo-taxi/apps/api/object/Authorization
---
